<?xml version="1.0" encoding="UTF-8"?>
<!-- Generated by org.testng.reporters.JUnitReportReporter -->
<testsuite hostname="LTIN519575" failures="0" tests="40" name="Hackathon.NewTest" time="1189.991" errors="0" timestamp="2025-01-16T08:59:35 IST" skipped="0">
  <testcase classname="Hackathon.NewTest" name="initializePages" time="0.668"/>
  <testcase classname="Hackathon.NewTest" name="initializePages" time="0.004"/>
  <testcase classname="Hackathon.NewTest" name="openWebsite" time="6.473"/>
  <testcase classname="Hackathon.NewTest" name="openWebsite" time="8.407"/>
  <testcase classname="Hackathon.NewTest" name="locateSearchBox" time="3.068"/>
  <testcase classname="Hackathon.NewTest" name="locateSearchBox" time="3.655"/>
  <testcase classname="Hackathon.NewTest" name="autoSuggestion" time="50.724"/>
  <testcase classname="Hackathon.NewTest" name="autoSuggestion" time="84.764"/>
  <testcase classname="Hackathon.NewTest" name="courseLanguageSelection" time="3.773"/>
  <testcase classname="Hackathon.NewTest" name="courseLanguageSelection" time="3.483"/>
  <testcase classname="Hackathon.NewTest" name="courseLevelSelection" time="3.528"/>
  <testcase classname="Hackathon.NewTest" name="courseLevelSelection" time="3.408"/>
  <testcase classname="Hackathon.NewTest" name="displayFirstCourseDetails" time="5.168"/>
  <testcase classname="Hackathon.NewTest" name="displayFirstCourseDetails" time="5.264"/>
  <testcase classname="Hackathon.NewTest" name="displaySecondCourseDetails" time="0.190"/>
  <testcase classname="Hackathon.NewTest" name="displaySecondCourseDetails" time="0.138"/>
  <testcase classname="Hackathon.NewTest" name="displayListOfLanguages" time="5.394"/>
  <testcase classname="Hackathon.NewTest" name="displayListOfLanguages" time="5.391"/>
  <testcase classname="Hackathon.NewTest" name="displayListOfLevel" time="0.090"/>
  <testcase classname="Hackathon.NewTest" name="displayListOfLevel" time="0.077"/>
  <testcase classname="Hackathon.NewTest" name="newTabSwitch" time="42.306"/>
  <testcase classname="Hackathon.NewTest" name="newTabSwitch" time="43.293"/>
  <testcase classname="Hackathon.NewTest" name="navigateBackToHome" time="34.290"/>
  <testcase classname="Hackathon.NewTest" name="navigateBackToHome" time="62.441"/>
  <testcase classname="Hackathon.NewTest" name="locateForEnterprise" time="94.439"/>
  <testcase classname="Hackathon.NewTest" name="locateForEnterprise" time="65.922"/>
  <testcase classname="Hackathon.NewTest" name="locateCourseForCampus" time="1.203"/>
  <testcase classname="Hackathon.NewTest" name="locateCourseForCampus" time="1.101"/>
  <testcase classname="Hackathon.NewTest" name="locateForm" time="0.005"/>
  <testcase classname="Hackathon.NewTest" name="locateForm" time="0.002"/>
  <testcase classname="Hackathon.NewTest" name="errorOnInvalidEmail" time="42.872"/>
  <testcase classname="Hackathon.NewTest" name="errorOnInvalidEmail" time="40.641"/>
  <testcase classname="Hackathon.NewTest" name="errorOnInvalidMobile" time="74.882"/>
  <testcase classname="Hackathon.NewTest" name="errorOnInvalidMobile" time="59.728"/>
  <testcase classname="Hackathon.NewTest" name="errorOnBlankFields" time="72.073"/>
  <testcase classname="Hackathon.NewTest" name="errorOnBlankFields" time="72.296"/>
  <testcase classname="Hackathon.NewTest" name="locateStateOnSelectingIndia" time="0.056"/>
  <testcase classname="Hackathon.NewTest" name="locateStateOnSelectingIndia" time="0.068"/>
  <testcase classname="Hackathon.NewTest" name="submitFormVerification" time="159.195"/>
  <testcase classname="Hackathon.NewTest" name="submitFormVerification" time="129.511"/>
</testsuite> <!-- Hackathon.NewTest -->
